--LIST_OF_FILES:  C
--Internal Software Complexity Tool -> measure
--below generated with ls -l *.c *.h
ant.c
ball.c
bat.c
blank.c
blot.c
bomb.c
bouboule.c
bounce.c
braid.c
bug.c
cartoon.c
clock.c
color.c
config.h
daisy.c
dclock.c
demon.c
drift.c
eyes.c
fadeplot.c
flag.c
flag.h
flame.c
forest.c
galaxy.c
gear.c
geometry.c
grav.c
helix.c
hop.c
hyper.c
image.c
julia.c
kaleid.c
laser.c
life.c
life1d.c
life3d.c
lightning.c
lissie.c
logout.c
loop.c
marquee.c
maze.c
mode.c
mode.h
mountain.c
nose.c
option.c
pacman.c
passwd.c
penrose.c
petal.c
puzzle.c
pyro.c
qix.c
random.c
ras.c
ras.h
resource.c
roll.c
rotor.c
shape.c
slip.c
sound.c
sphere.c
spiral.c
spline.c
star.c
swarm.c
swirl.c
tri.c
triangle.c
trig.c
tube.c
turtle.c
utils.c
version.h
vroot.h
wator.c
wire.c
world.c
worm.c
xbm.c
xlock.c
xlock.h
xmlock.c
